#
# A fatal error has been detected by the Java Runtime Environment:
#
#  SIGSEGV (0xb) at pc=0x0000000103c7fc1e, pid=5493, tid=5891
#
# JRE version: Java(TM) SE Runtime Environment (8.0_74-b02) (build 1.8.0_74-b02)
# Java VM: Java HotSpot(TM) 64-Bit Server VM (25.74-b02 mixed mode bsd-amd64 compressed oops)
# Problematic frame:
# V  [libjvm.dylib+0x575c1e]  Unsafe_GetNativeInt+0x47
#
# Failed to write core dump. Core dumps have been disabled. To enable core dumping, try "ulimit -c unlimited" before starting Java again
#
# If you would like to submit a bug report, please visit:
#   http://bugreport.java.com/bugreport/crash.jsp
#

---------------  T H R E A D  ---------------

Current thread (0x00007fe9bd807000):  JavaThread "main" [_thread_in_vm, id=5891, stack(0x000070000011a000,0x000070000021a000)]

siginfo: si_signo: 11 (SIGSEGV), si_code: 1 (SEGV_MAPERR), si_addr: 0x0000000000000032

Registers:
RAX=0x00007fe9bd807000, RBX=0x0000000000000032, RCX=0x0000000103f1f340, RDX=0x0000000000000032
RSP=0x0000700000218eb0, RBP=0x0000700000218ee0, RSI=0x0000000000000006, RDI=0x0000000000000102
R8 =0x000000000000001f, R9 =0x00007fe9bbe18db0, R10=0x0000000105015928, R11=0x0000000103be5fb7
R12=0x0000000000000000, R13=0x0000000118eea430, R14=0x00007fe9bd807000, R15=0x0000700000218ec0
RIP=0x0000000103c7fc1e, EFLAGS=0x0000000000010246, ERR=0x0000000000000004
  TRAPNO=0x000000000000000e

Top of Stack: (sp=0x0000700000218eb0)
0x0000700000218eb0:   00007fe9bd807000 00007fe9bd807000
0x0000700000218ec0:   00007fe9bd807000 0000000118eea430
0x0000700000218ed0:   0000700000218f78 00007fe9bd807000
0x0000700000218ee0:   0000700000218f48 0000000105015954
0x0000700000218ef0:   0000700000218f48 00000001050156e7
0x0000700000218f00:   00000001050156a2 0000700000218f08
0x0000700000218f10:   0000000118eea430 0000700000218f78
0x0000700000218f20:   0000000118f17fb8 0000000000000000
0x0000700000218f30:   0000000118eea430 0000000000000000
0x0000700000218f40:   0000700000218f68 0000700000218fc8
0x0000700000218f50:   0000000105007690 0000000000000000
0x0000700000218f60:   000000010500f576 0000000000000032
0x0000700000218f70:   000000000000006c 00000007955889b8
0x0000700000218f80:   00000007955a0b10 0000700000218f88
0x0000700000218f90:   000000011926e786 0000700000219018
0x0000700000218fa0:   000000011926e940 0000000000000000
0x0000700000218fb0:   000000011926e820 0000700000218f68
0x0000700000218fc0:   0000700000219018 0000700000219080
0x0000700000218fd0:   00000001050007a7 0000000795702c68
0x0000700000218fe0:   0000000795702c20 0000000795702bd8
0x0000700000218ff0:   0000000795702b90 0000000795702b48
0x0000700000219000:   0000000795702b00 0000000795702ab8
0x0000700000219010:   00000007955889b8 00000007956f7868
0x0000700000219020:   0000000100001fa0 000000000000000a
0x0000700000219030:   00007fe9bd807000 0000000000000001
0x0000700000219040:   000000010500071f 000000011926e820
0x0000700000219050:   0000700000219118 0000700000219470
0x0000700000219060:   000000070000000a 000000011926e820
0x0000700000219070:   0000000105010c00 0000700000219480
0x0000700000219080:   0000700000219230 00000001039f439e
0x0000700000219090:   00007fe900000001 00007fe9bd807000
0x00007000002190a0:   0000700000219830 0000700000219470 

Instructions: (pc=0x0000000103c7fc1e)
0x0000000103c7fbfe:   00 e8 64 28 bf ff 4c 89 75 d8 48 8d 05 21 34 2b
0x0000000103c7fc0e:   00 48 63 38 e8 fb a5 04 00 c6 80 94 02 00 00 01
0x0000000103c7fc1e:   8b 1b c6 80 94 02 00 00 00 48 8d 7d d8 e8 58 b0
0x0000000103c7fc2e:   f6 ff ba 04 00 00 00 4c 89 ff be 06 00 00 00 e8 

Register to memory mapping:

RAX=0x00007fe9bd807000 is a thread
RBX=0x0000000000000032 is an unknown value
RCX=0x0000000103f1f340: UseMembar+0 in /Library/Java/JavaVirtualMachines/jdk1.8.0_74.jdk/Contents/Home/jre/lib/server/libjvm.dylib at 0x000000010370a000
RDX=0x0000000000000032 is an unknown value
RSP=0x0000700000218eb0 is pointing into the stack for thread: 0x00007fe9bd807000
RBP=0x0000700000218ee0 is pointing into the stack for thread: 0x00007fe9bd807000
RSI=0x0000000000000006 is an unknown value
RDI=0x0000000000000102 is an unknown value
R8 =0x000000000000001f is an unknown value
R9 =0x00007fe9bbe18db0 is an unknown value
R10=0x0000000105015928 is at code_begin+808 in an Interpreter codelet
method entry point (kind = native)  [0x0000000105015600, 0x0000000105015f00]  2304 bytes
R11=0x0000000103be5fb7: throw_unsatisfied_link_error+0 in /Library/Java/JavaVirtualMachines/jdk1.8.0_74.jdk/Contents/Home/jre/lib/server/libjvm.dylib at 0x000000010370a000
R12=0x0000000000000000 is an unknown value
R13={method} {0x0000000118eea430} 'getInt' '(J)I' in 'sun/misc/Unsafe'
R14=0x00007fe9bd807000 is a thread
R15=0x0000700000218ec0 is pointing into the stack for thread: 0x00007fe9bd807000


Stack: [0x000070000011a000,0x000070000021a000],  sp=0x0000700000218eb0,  free space=1019k
Native frames: (J=compiled Java code, j=interpreted, Vv=VM code, C=native code)
V  [libjvm.dylib+0x575c1e]  Unsafe_GetNativeInt+0x47
j  sun.misc.Unsafe.getInt(J)I+0
j  chapter05.atomic.extend.UnsafeTest.main([Ljava/lang/String;)V+182
v  ~StubRoutines::call_stub
V  [libjvm.dylib+0x2ea39e]  JavaCalls::call_helper(JavaValue*, methodHandle*, JavaCallArguments*, Thread*)+0x6ae
V  [libjvm.dylib+0x4caa14]  Reflection::invoke(instanceKlassHandle, methodHandle, Handle, bool, objArrayHandle, BasicType, objArrayHandle, bool, Thread*)+0xe12
V  [libjvm.dylib+0x4caf48]  Reflection::invoke_method(oopDesc*, Handle, objArrayHandle, Thread*)+0x16c
V  [libjvm.dylib+0x3425b0]  JVM_InvokeMethod+0x166
j  sun.reflect.NativeMethodAccessorImpl.invoke0(Ljava/lang/reflect/Method;Ljava/lang/Object;[Ljava/lang/Object;)Ljava/lang/Object;+0
j  sun.reflect.NativeMethodAccessorImpl.invoke(Ljava/lang/Object;[Ljava/lang/Object;)Ljava/lang/Object;+100
j  sun.reflect.DelegatingMethodAccessorImpl.invoke(Ljava/lang/Object;[Ljava/lang/Object;)Ljava/lang/Object;+6
j  java.lang.reflect.Method.invoke(Ljava/lang/Object;[Ljava/lang/Object;)Ljava/lang/Object;+56
j  com.intellij.rt.execution.application.AppMain.main([Ljava/lang/String;)V+180
v  ~StubRoutines::call_stub
V  [libjvm.dylib+0x2ea39e]  JavaCalls::call_helper(JavaValue*, methodHandle*, JavaCallArguments*, Thread*)+0x6ae
V  [libjvm.dylib+0x321110]  jni_invoke_static(JNIEnv_*, JavaValue*, _jobject*, JNICallType, _jmethodID*, JNI_ArgumentPusher*, Thread*)+0x1bf
V  [libjvm.dylib+0x319e8a]  jni_CallStaticVoidMethod+0x15d
C  [java+0x393e]  JavaMain+0x9b1
C  [libsystem_pthread.dylib+0x399d]  _pthread_body+0x83
C  [libsystem_pthread.dylib+0x391a]  _pthread_body+0x0
C  [libsystem_pthread.dylib+0x1351]  thread_start+0xd
C  0x0000000000000000

Java frames: (J=compiled Java code, j=interpreted, Vv=VM code)
j  sun.misc.Unsafe.getInt(J)I+0
j  chapter05.atomic.extend.UnsafeTest.main([Ljava/lang/String;)V+182
v  ~StubRoutines::call_stub
j  sun.reflect.NativeMethodAccessorImpl.invoke0(Ljava/lang/reflect/Method;Ljava/lang/Object;[Ljava/lang/Object;)Ljava/lang/Object;+0
j  sun.reflect.NativeMethodAccessorImpl.invoke(Ljava/lang/Object;[Ljava/lang/Object;)Ljava/lang/Object;+100
j  sun.reflect.DelegatingMethodAccessorImpl.invoke(Ljava/lang/Object;[Ljava/lang/Object;)Ljava/lang/Object;+6
j  java.lang.reflect.Method.invoke(Ljava/lang/Object;[Ljava/lang/Object;)Ljava/lang/Object;+56
j  com.intellij.rt.execution.application.AppMain.main([Ljava/lang/String;)V+180
v  ~StubRoutines::call_stub

---------------  P R O C E S S  ---------------

Java Threads: ( => current thread )
  0x00007fe9bd07f800 JavaThread "Monitor Ctrl-Break" daemon [_thread_in_native, id=19459, stack(0x0000700000fc7000,0x00007000010c7000)]
  0x00007fe9bc893800 JavaThread "Service Thread" daemon [_thread_blocked, id=18435, stack(0x0000700000dc1000,0x0000700000ec1000)]
  0x00007fe9bd00e800 JavaThread "C1 CompilerThread2" daemon [_thread_blocked, id=17923, stack(0x0000700000cbe000,0x0000700000dbe000)]
  0x00007fe9bc02d000 JavaThread "C2 CompilerThread1" daemon [_thread_blocked, id=17411, stack(0x0000700000bbb000,0x0000700000cbb000)]
  0x00007fe9bc842000 JavaThread "C2 CompilerThread0" daemon [_thread_blocked, id=16899, stack(0x0000700000ab8000,0x0000700000bb8000)]
  0x00007fe9bc841800 JavaThread "Signal Dispatcher" daemon [_thread_blocked, id=14607, stack(0x00007000009b5000,0x0000700000ab5000)]
  0x00007fe9bc83e800 JavaThread "Finalizer" daemon [_thread_blocked, id=12291, stack(0x000070000082f000,0x000070000092f000)]
  0x00007fe9bc838000 JavaThread "Reference Handler" daemon [_thread_blocked, id=11779, stack(0x000070000072c000,0x000070000082c000)]
=>0x00007fe9bd807000 JavaThread "main" [_thread_in_vm, id=5891, stack(0x000070000011a000,0x000070000021a000)]

Other Threads:
  0x00007fe9bc00f000 VMThread [stack: 0x0000700000629000,0x0000700000729000] [id=11267]
  0x00007fe9bc844000 WatcherThread [stack: 0x0000700000ec4000,0x0000700000fc4000] [id=18947]

VM state:not at safepoint (normal execution)

VM Mutex/Monitor currently owned by a thread: None

Heap:
 PSYoungGen      total 38400K, used 2662K [0x0000000795580000, 0x0000000798000000, 0x00000007c0000000)
  eden space 33280K, 8% used [0x0000000795580000,0x0000000795819a20,0x0000000797600000)
  from space 5120K, 0% used [0x0000000797b00000,0x0000000797b00000,0x0000000798000000)
  to   space 5120K, 0% used [0x0000000797600000,0x0000000797600000,0x0000000797b00000)
 ParOldGen       total 87552K, used 0K [0x0000000740000000, 0x0000000745580000, 0x0000000795580000)
  object space 87552K, 0% used [0x0000000740000000,0x0000000740000000,0x0000000745580000)
 Metaspace       used 3017K, capacity 4494K, committed 4864K, reserved 1056768K
  class space    used 336K, capacity 386K, committed 512K, reserved 1048576K

Card table byte_map: [0x00000001143c0000,0x00000001147c1000] byte_map_base: 0x00000001109c0000

Marking Bits: (ParMarkBitMap*) 0x0000000103fedea0
 Begin Bits: [0x0000000114a6c000, 0x0000000116a6c000)
 End Bits:   [0x0000000116a6c000, 0x0000000118a6c000)

Polling page: 0x00000001046e0000

CodeCache: size=245760Kb used=1136Kb max_used=1136Kb free=244624Kb
 bounds [0x0000000105000000, 0x0000000105270000, 0x0000000114000000]
 total_blobs=291 nmethods=53 adapters=152
 compilation: enabled

Compilation events (10 events):
Event: 0.204 Thread 0x00007fe9bd00e800   48       3       java.lang.String::lastIndexOf (13 bytes)
Event: 0.205 Thread 0x00007fe9bd00e800 nmethod 48 0x0000000105119d10 code [0x0000000105119e80, 0x000000010511a0a8]
Event: 0.205 Thread 0x00007fe9bd00e800   49       3       java.util.concurrent.ConcurrentHashMap::tabAt (21 bytes)
Event: 0.205 Thread 0x00007fe9bd00e800 nmethod 49 0x000000010511a4d0 code [0x000000010511a640, 0x000000010511a870]
Event: 0.205 Thread 0x00007fe9bd00e800   51       3       java.lang.String::endsWith (17 bytes)
Event: 0.206 Thread 0x00007fe9bd00e800 nmethod 51 0x000000010511a910 code [0x000000010511aa80, 0x000000010511aca8]
Event: 0.206 Thread 0x00007fe9bd00e800   52       3       java.lang.AbstractStringBuilder::<init> (12 bytes)
Event: 0.206 Thread 0x00007fe9bd00e800 nmethod 52 0x000000010511b1d0 code [0x000000010511b340, 0x000000010511b590]
Event: 0.214 Thread 0x00007fe9bd00e800   53       1       java.nio.Buffer::position (5 bytes)
Event: 0.214 Thread 0x00007fe9bd00e800 nmethod 53 0x000000010511be90 code [0x000000010511bfe0, 0x000000010511c0f0]

GC Heap History (0 events):
No events

Deoptimization events (0 events):
No events

Internal exceptions (2 events):
Event: 0.064 Thread 0x00007fe9bd807000 Exception <a 'java/lang/NoSuchMethodError': Method sun.misc.Unsafe.defineClass(Ljava/lang/String;[BII)Ljava/lang/Class; name or signature does not match> (0x0000000795587cc0) thrown at [/Users/java_re/workspace/8-2-build-macosx-x86_64/jdk8u74/6087/hotspot
Event: 0.064 Thread 0x00007fe9bd807000 Exception <a 'java/lang/NoSuchMethodError': Method sun.misc.Unsafe.prefetchRead(Ljava/lang/Object;J)V name or signature does not match> (0x0000000795587fa8) thrown at [/Users/java_re/workspace/8-2-build-macosx-x86_64/jdk8u74/6087/hotspot/src/share/vm/prim

Events (10 events):
Event: 0.212 loading class java/net/Inet6Address$Inet6AddressHolder
Event: 0.213 loading class java/net/Inet6Address$Inet6AddressHolder done
Event: 0.213 loading class java/net/NetworkInterface
Event: 0.213 loading class java/net/NetworkInterface done
Event: 0.213 loading class java/net/NetworkInterface$1
Event: 0.213 loading class java/net/NetworkInterface$1 done
Event: 0.213 loading class java/net/InterfaceAddress
Event: 0.214 loading class java/net/InterfaceAddress done
Event: 0.214 loading class java/net/DefaultInterface
Event: 0.214 loading class java/net/DefaultInterface done


Dynamic libraries:
0x0000000006555000 	/System/Library/Frameworks/Cocoa.framework/Versions/A/Cocoa
0x0000000006555000 	/System/Library/Frameworks/Security.framework/Versions/A/Security
0x0000000006555000 	/System/Library/Frameworks/ApplicationServices.framework/Versions/A/ApplicationServices
0x0000000006555000 	/usr/lib/libz.1.dylib
0x0000000006555000 	/usr/lib/libSystem.B.dylib
0x0000000006555000 	/usr/lib/libobjc.A.dylib
0x0000000006555000 	/System/Library/Frameworks/CoreFoundation.framework/Versions/A/CoreFoundation
0x0000000006555000 	/System/Library/Frameworks/Foundation.framework/Versions/C/Foundation
0x0000000006555000 	/System/Library/Frameworks/AppKit.framework/Versions/C/AppKit
0x0000000006555000 	/System/Library/Frameworks/CoreData.framework/Versions/A/CoreData
0x0000000006555000 	/System/Library/PrivateFrameworks/RemoteViewServices.framework/Versions/A/RemoteViewServices
0x0000000006555000 	/System/Library/PrivateFrameworks/UIFoundation.framework/Versions/A/UIFoundation
0x0000000006555000 	/usr/lib/libScreenReader.dylib
0x0000000006555000 	/System/Library/Frameworks/Accelerate.framework/Versions/A/Accelerate
0x0000000006555000 	/System/Library/Frameworks/IOSurface.framework/Versions/A/IOSurface
0x0000000006555000 	/System/Library/Frameworks/AudioToolbox.framework/Versions/A/AudioToolbox
0x0000000006555000 	/System/Library/Frameworks/AudioUnit.framework/Versions/A/AudioUnit
0x0000000006555000 	/System/Library/PrivateFrameworks/DataDetectorsCore.framework/Versions/A/DataDetectorsCore
0x0000000006555000 	/System/Library/PrivateFrameworks/DesktopServicesPriv.framework/Versions/A/DesktopServicesPriv
0x0000000006555000 	/System/Library/Frameworks/Carbon.framework/Versions/A/Frameworks/HIToolbox.framework/Versions/A/HIToolbox
0x0000000006555000 	/System/Library/Frameworks/QuartzCore.framework/Versions/A/QuartzCore
0x0000000006555000 	/System/Library/Frameworks/Carbon.framework/Versions/A/Frameworks/SpeechRecognition.framework/Versions/A/SpeechRecognition
0x0000000006555000 	/usr/lib/libauto.dylib
0x0000000006555000 	/usr/lib/libicucore.A.dylib
0x0000000006555000 	/usr/lib/libxml2.2.dylib
0x0000000006555000 	/System/Library/PrivateFrameworks/CoreUI.framework/Versions/A/CoreUI
0x0000000006555000 	/System/Library/Frameworks/CoreAudio.framework/Versions/A/CoreAudio
0x0000000006555000 	/System/Library/Frameworks/DiskArbitration.framework/Versions/A/DiskArbitration
0x0000000006555000 	/usr/lib/liblangid.dylib
0x0000000006555000 	/System/Library/PrivateFrameworks/MultitouchSupport.framework/Versions/A/MultitouchSupport
0x0000000006555000 	/System/Library/Frameworks/IOKit.framework/Versions/A/IOKit
0x0000000006555000 	/usr/lib/libDiagnosticMessagesClient.dylib
0x0000000006555000 	/System/Library/Frameworks/CoreServices.framework/Versions/A/CoreServices
0x0000000006555000 	/System/Library/PrivateFrameworks/PerformanceAnalysis.framework/Versions/A/PerformanceAnalysis
0x0000000006555000 	/System/Library/PrivateFrameworks/GenerationalStorage.framework/Versions/A/GenerationalStorage
0x0000000006555000 	/System/Library/Frameworks/OpenGL.framework/Versions/A/OpenGL
0x0000000006555000 	/System/Library/PrivateFrameworks/Sharing.framework/Versions/A/Sharing
0x0000000006555000 	/System/Library/Frameworks/CoreGraphics.framework/Versions/A/CoreGraphics
0x0000000006555000 	/System/Library/Frameworks/CoreImage.framework/Versions/A/CoreImage
0x0000000006555000 	/System/Library/Frameworks/CoreText.framework/Versions/A/CoreText
0x0000000006555000 	/System/Library/Frameworks/ImageIO.framework/Versions/A/ImageIO
0x0000000006555000 	/System/Library/PrivateFrameworks/Backup.framework/Versions/A/Backup
0x0000000006555000 	/usr/lib/libextension.dylib
0x0000000006555000 	/usr/lib/libarchive.2.dylib
0x0000000006555000 	/System/Library/Frameworks/CFNetwork.framework/Versions/A/CFNetwork
0x0000000006555000 	/System/Library/Frameworks/SystemConfiguration.framework/Versions/A/SystemConfiguration
0x0000000006555000 	/usr/lib/libCRFSuite.dylib
0x0000000006555000 	/usr/lib/libc++.1.dylib
0x0000000006555000 	/usr/lib/libc++abi.dylib
0x0000000006555000 	/usr/lib/system/libcache.dylib
0x0000000006555000 	/usr/lib/system/libcommonCrypto.dylib
0x0000000006555000 	/usr/lib/system/libcompiler_rt.dylib
0x0000000006555000 	/usr/lib/system/libcopyfile.dylib
0x0000000006555000 	/usr/lib/system/libcorecrypto.dylib
0x0000000006555000 	/usr/lib/system/libdispatch.dylib
0x0000000006555000 	/usr/lib/system/libdyld.dylib
0x0000000006555000 	/usr/lib/system/libkeymgr.dylib
0x0000000006555000 	/usr/lib/system/liblaunch.dylib
0x0000000006555000 	/usr/lib/system/libmacho.dylib
0x0000000006555000 	/usr/lib/system/libquarantine.dylib
0x0000000006555000 	/usr/lib/system/libremovefile.dylib
0x0000000006555000 	/usr/lib/system/libsystem_asl.dylib
0x0000000006555000 	/usr/lib/system/libsystem_blocks.dylib
0x0000000006555000 	/usr/lib/system/libsystem_c.dylib
0x0000000006555000 	/usr/lib/system/libsystem_configuration.dylib
0x0000000006555000 	/usr/lib/system/libsystem_coreservices.dylib
0x0000000006555000 	/usr/lib/system/libsystem_coretls.dylib
0x0000000006555000 	/usr/lib/system/libsystem_dnssd.dylib
0x0000000006555000 	/usr/lib/system/libsystem_info.dylib
0x0000000006555000 	/usr/lib/system/libsystem_kernel.dylib
0x0000000006555000 	/usr/lib/system/libsystem_m.dylib
0x0000000006555000 	/usr/lib/system/libsystem_malloc.dylib
0x0000000006555000 	/usr/lib/system/libsystem_network.dylib
0x0000000006555000 	/usr/lib/system/libsystem_networkextension.dylib
0x0000000006555000 	/usr/lib/system/libsystem_notify.dylib
0x0000000006555000 	/usr/lib/system/libsystem_platform.dylib
0x0000000006555000 	/usr/lib/system/libsystem_pthread.dylib
0x0000000006555000 	/usr/lib/system/libsystem_sandbox.dylib
0x0000000006555000 	/usr/lib/system/libsystem_secinit.dylib
0x0000000006555000 	/usr/lib/system/libsystem_trace.dylib
0x0000000006555000 	/usr/lib/system/libunc.dylib
0x0000000006555000 	/usr/lib/system/libunwind.dylib
0x0000000006555000 	/usr/lib/system/libxpc.dylib
0x0000000006555000 	/usr/lib/libenergytrace.dylib
0x0000000006555000 	/usr/lib/libbsm.0.dylib
0x0000000006555000 	/usr/lib/system/libkxld.dylib
0x0000000006555000 	/usr/lib/libxar.1.dylib
0x0000000006555000 	/usr/lib/libsqlite3.dylib
0x0000000006555000 	/usr/lib/libpam.2.dylib
0x0000000006555000 	/usr/lib/libOpenScriptingUtil.dylib
0x0000000006555000 	/usr/lib/libbz2.1.0.dylib
0x0000000006555000 	/usr/lib/liblzma.5.dylib
0x0000000006555000 	/System/Library/Frameworks/CoreServices.framework/Versions/A/Frameworks/FSEvents.framework/Versions/A/FSEvents
0x0000000006555000 	/System/Library/Frameworks/CoreServices.framework/Versions/A/Frameworks/CarbonCore.framework/Versions/A/CarbonCore
0x0000000006555000 	/System/Library/Frameworks/CoreServices.framework/Versions/A/Frameworks/Metadata.framework/Versions/A/Metadata
0x0000000006555000 	/System/Library/Frameworks/CoreServices.framework/Versions/A/Frameworks/OSServices.framework/Versions/A/OSServices
0x0000000006555000 	/System/Library/Frameworks/CoreServices.framework/Versions/A/Frameworks/SearchKit.framework/Versions/A/SearchKit
0x0000000006555000 	/System/Library/Frameworks/CoreServices.framework/Versions/A/Frameworks/AE.framework/Versions/A/AE
0x0000000006555000 	/System/Library/Frameworks/CoreServices.framework/Versions/A/Frameworks/LaunchServices.framework/Versions/A/LaunchServices
0x0000000006555000 	/System/Library/Frameworks/CoreServices.framework/Versions/A/Frameworks/DictionaryServices.framework/Versions/A/DictionaryServices
0x0000000006555000 	/System/Library/Frameworks/CoreServices.framework/Versions/A/Frameworks/SharedFileList.framework/Versions/A/SharedFileList
0x0000000006555000 	/System/Library/Frameworks/NetFS.framework/Versions/A/NetFS
0x0000000006555000 	/System/Library/PrivateFrameworks/NetAuth.framework/Versions/A/NetAuth
0x0000000006555000 	/System/Library/PrivateFrameworks/login.framework/Versions/A/Frameworks/loginsupport.framework/Versions/A/loginsupport
0x0000000006555000 	/System/Library/PrivateFrameworks/TCC.framework/Versions/A/TCC
0x0000000006555000 	/usr/lib/libmecabra.dylib
0x0000000006555000 	/System/Library/Frameworks/ApplicationServices.framework/Versions/A/Frameworks/ATS.framework/Versions/A/ATS
0x0000000006555000 	/System/Library/Frameworks/ApplicationServices.framework/Versions/A/Frameworks/ColorSync.framework/Versions/A/ColorSync
0x0000000006555000 	/System/Library/Frameworks/ApplicationServices.framework/Versions/A/Frameworks/HIServices.framework/Versions/A/HIServices
0x0000000006555000 	/System/Library/Frameworks/ApplicationServices.framework/Versions/A/Frameworks/LangAnalysis.framework/Versions/A/LangAnalysis
0x0000000006555000 	/System/Library/Frameworks/ApplicationServices.framework/Versions/A/Frameworks/PrintCore.framework/Versions/A/PrintCore
0x0000000006555000 	/System/Library/Frameworks/ApplicationServices.framework/Versions/A/Frameworks/QD.framework/Versions/A/QD
0x0000000006555000 	/System/Library/Frameworks/ApplicationServices.framework/Versions/A/Frameworks/SpeechSynthesis.framework/Versions/A/SpeechSynthesis
0x0000000006555000 	/System/Library/Frameworks/Metal.framework/Versions/A/Metal
0x0000000006555000 	/System/Library/Frameworks/Accelerate.framework/Versions/A/Frameworks/vImage.framework/Versions/A/vImage
0x0000000006555000 	/System/Library/Frameworks/Accelerate.framework/Versions/A/Frameworks/vecLib.framework/Versions/A/vecLib
0x0000000006555000 	/System/Library/Frameworks/Accelerate.framework/Versions/A/Frameworks/vecLib.framework/Versions/A/libvDSP.dylib
0x0000000006555000 	/System/Library/Frameworks/Accelerate.framework/Versions/A/Frameworks/vecLib.framework/Versions/A/libvMisc.dylib
0x0000000006555000 	/System/Library/Frameworks/Accelerate.framework/Versions/A/Frameworks/vecLib.framework/Versions/A/libLAPACK.dylib
0x0000000006555000 	/System/Library/Frameworks/Accelerate.framework/Versions/A/Frameworks/vecLib.framework/Versions/A/libBLAS.dylib
0x0000000006555000 	/System/Library/Frameworks/Accelerate.framework/Versions/A/Frameworks/vecLib.framework/Versions/A/libLinearAlgebra.dylib
0x0000000006555000 	/System/Library/Frameworks/Accelerate.framework/Versions/A/Frameworks/vecLib.framework/Versions/A/libSparseBLAS.dylib
0x0000000006555000 	/System/Library/PrivateFrameworks/GPUCompiler.framework/libmetal_timestamp.dylib
0x0000000006555000 	/System/Library/Frameworks/OpenGL.framework/Versions/A/Libraries/libCoreFSCache.dylib
0x0000000006555000 	/System/Library/PrivateFrameworks/IOAccelerator.framework/Versions/A/IOAccelerator
0x0000000006555000 	/System/Library/Frameworks/ApplicationServices.framework/Versions/A/Frameworks/ATS.framework/Versions/A/Resources/libFontParser.dylib
0x0000000006555000 	/System/Library/Frameworks/ApplicationServices.framework/Versions/A/Frameworks/ATS.framework/Versions/A/Resources/libFontRegistry.dylib
0x0000000006555000 	/System/Library/PrivateFrameworks/AppleVPA.framework/Versions/A/AppleVPA
0x0000000006555000 	/System/Library/PrivateFrameworks/AppleJPEG.framework/Versions/A/AppleJPEG
0x0000000006555000 	/System/Library/Frameworks/ImageIO.framework/Versions/A/Resources/libJPEG.dylib
0x0000000006555000 	/System/Library/Frameworks/ImageIO.framework/Versions/A/Resources/libTIFF.dylib
0x0000000006555000 	/System/Library/Frameworks/ImageIO.framework/Versions/A/Resources/libPng.dylib
0x0000000006555000 	/System/Library/Frameworks/ImageIO.framework/Versions/A/Resources/libGIF.dylib
0x0000000006555000 	/System/Library/Frameworks/ImageIO.framework/Versions/A/Resources/libJP2.dylib
0x0000000006555000 	/System/Library/Frameworks/ImageIO.framework/Versions/A/Resources/libRadiance.dylib
0x0000000006555000 	/System/Library/Frameworks/CoreVideo.framework/Versions/A/CoreVideo
0x0000000006555000 	/System/Library/Frameworks/OpenGL.framework/Versions/A/Libraries/libGLU.dylib
0x0000000006555000 	/System/Library/Frameworks/OpenGL.framework/Versions/A/Libraries/libGFXShared.dylib
0x0000000006555000 	/System/Library/Frameworks/OpenGL.framework/Versions/A/Libraries/libGL.dylib
0x0000000006555000 	/System/Library/Frameworks/OpenGL.framework/Versions/A/Libraries/libGLImage.dylib
0x0000000006555000 	/System/Library/Frameworks/OpenGL.framework/Versions/A/Libraries/libCVMSPluginSupport.dylib
0x0000000006555000 	/System/Library/Frameworks/OpenGL.framework/Versions/A/Libraries/libCoreVMClient.dylib
0x0000000006555000 	/usr/lib/libcups.2.dylib
0x0000000006555000 	/System/Library/Frameworks/Kerberos.framework/Versions/A/Kerberos
0x0000000006555000 	/System/Library/Frameworks/GSS.framework/Versions/A/GSS
0x0000000006555000 	/usr/lib/libresolv.9.dylib
0x0000000006555000 	/usr/lib/libiconv.2.dylib
0x0000000006555000 	/System/Library/PrivateFrameworks/Heimdal.framework/Versions/A/Heimdal
0x0000000006555000 	/usr/lib/libheimdal-asn1.dylib
0x0000000006555000 	/System/Library/Frameworks/OpenDirectory.framework/Versions/A/OpenDirectory
0x0000000006555000 	/System/Library/PrivateFrameworks/CommonAuth.framework/Versions/A/CommonAuth
0x0000000006555000 	/System/Library/Frameworks/OpenDirectory.framework/Versions/A/Frameworks/CFOpenDirectory.framework/Versions/A/CFOpenDirectory
0x0000000006555000 	/System/Library/Frameworks/SecurityFoundation.framework/Versions/A/SecurityFoundation
0x0000000006555000 	/System/Library/PrivateFrameworks/LanguageModeling.framework/Versions/A/LanguageModeling
0x0000000006555000 	/usr/lib/libmarisa.dylib
0x0000000006555000 	/usr/lib/libChineseTokenizer.dylib
0x0000000006555000 	/usr/lib/libcmph.dylib
0x0000000006555000 	/usr/lib/libcompression.dylib
0x0000000006555000 	/System/Library/Frameworks/ServiceManagement.framework/Versions/A/ServiceManagement
0x0000000006555000 	/usr/lib/libxslt.1.dylib
0x0000000006555000 	/System/Library/Frameworks/Carbon.framework/Versions/A/Frameworks/Ink.framework/Versions/A/Ink
0x0000000006555000 	/usr/lib/libFosl_dynamic.dylib
0x0000000006555000 	/System/Library/PrivateFrameworks/FaceCore.framework/Versions/A/FaceCore
0x0000000006555000 	/System/Library/Frameworks/OpenCL.framework/Versions/A/OpenCL
0x0000000006555000 	/System/Library/PrivateFrameworks/CrashReporterSupport.framework/Versions/A/CrashReporterSupport
0x0000000006555000 	/System/Library/PrivateFrameworks/IconServices.framework/Versions/A/IconServices
0x0000000006555000 	/System/Library/PrivateFrameworks/Apple80211.framework/Versions/A/Apple80211
0x0000000006555000 	/System/Library/Frameworks/CoreWLAN.framework/Versions/A/CoreWLAN
0x0000000006555000 	/System/Library/Frameworks/IOBluetooth.framework/Versions/A/IOBluetooth
0x0000000006555000 	/System/Library/PrivateFrameworks/CoreWiFi.framework/Versions/A/CoreWiFi
0x0000000006555000 	/System/Library/Frameworks/CoreBluetooth.framework/Versions/A/CoreBluetooth
0x0000000006555000 	/System/Library/PrivateFrameworks/ChunkingLibrary.framework/Versions/A/ChunkingLibrary
0x0000000006555000 	/System/Library/PrivateFrameworks/DebugSymbols.framework/Versions/A/DebugSymbols
0x0000000006555000 	/System/Library/PrivateFrameworks/CoreSymbolication.framework/Versions/A/CoreSymbolication
0x0000000006555000 	/System/Library/PrivateFrameworks/Symbolication.framework/Versions/A/Symbolication
0x0000000006555000 	/System/Library/PrivateFrameworks/SpeechRecognitionCore.framework/Versions/A/SpeechRecognitionCore
0x00000001036c6000 	/System/Library/CoreServices/Encodings/libSimplifiedChineseConverter.dylib
0x000000010370a000 	/Library/Java/JavaVirtualMachines/jdk1.8.0_74.jdk/Contents/Home/jre/lib/server/libjvm.dylib
0x0000000006555000 	/usr/lib/libstdc++.6.dylib
0x000000010469d000 	/Library/Java/JavaVirtualMachines/jdk1.8.0_74.jdk/Contents/Home/jre/lib/libverify.dylib
0x00000001046ab000 	/Library/Java/JavaVirtualMachines/jdk1.8.0_74.jdk/Contents/Home/jre/lib/libjava.dylib
0x00000001046ea000 	/Library/Java/JavaVirtualMachines/jdk1.8.0_74.jdk/Contents/Home/jre/lib/libzip.dylib
0x000000011a866000 	/System/Library/Frameworks/JavaVM.framework/Frameworks/JavaRuntimeSupport.framework/JavaRuntimeSupport
0x000000011a881000 	/System/Library/Frameworks/JavaVM.framework/Versions/A/Frameworks/JavaNativeFoundation.framework/Versions/A/JavaNativeFoundation
0x00000001047f0000 	/System/Library/Frameworks/JavaVM.framework/Versions/A/JavaVM
0x0000000006555000 	/System/Library/Frameworks/Carbon.framework/Versions/A/Carbon
0x000000011a896000 	/System/Library/PrivateFrameworks/JavaLaunching.framework/Versions/A/JavaLaunching
0x0000000006555000 	/System/Library/Frameworks/Carbon.framework/Versions/A/Frameworks/CommonPanels.framework/Versions/A/CommonPanels
0x0000000006555000 	/System/Library/Frameworks/Carbon.framework/Versions/A/Frameworks/Help.framework/Versions/A/Help
0x0000000006555000 	/System/Library/Frameworks/Carbon.framework/Versions/A/Frameworks/ImageCapture.framework/Versions/A/ImageCapture
0x0000000006555000 	/System/Library/Frameworks/Carbon.framework/Versions/A/Frameworks/OpenScripting.framework/Versions/A/OpenScripting
0x0000000006555000 	/System/Library/Frameworks/Carbon.framework/Versions/A/Frameworks/Print.framework/Versions/A/Print
0x0000000006555000 	/System/Library/Frameworks/Carbon.framework/Versions/A/Frameworks/SecurityHI.framework/Versions/A/SecurityHI
0x000000011c2ff000 	/Applications/IntelliJ IDEA 15.app/Contents/bin/libbreakgen64.jnilib
0x000000011c302000 	/Library/Java/JavaVirtualMachines/jdk1.8.0_74.jdk/Contents/Home/jre/lib/libnet.dylib

VM Arguments:
jvm_args: -Didea.launcher.port=7532 -Didea.launcher.bin.path=/Applications/IntelliJ IDEA 15.app/Contents/bin -Dfile.encoding=UTF-8 
java_command: com.intellij.rt.execution.application.AppMain chapter05.atomic.extend.UnsafeTest
java_class_path (initial): /Library/Java/JavaVirtualMachines/jdk1.8.0_74.jdk/Contents/Home/jre/lib/charsets.jar:/Library/Java/JavaVirtualMachines/jdk1.8.0_74.jdk/Contents/Home/jre/lib/deploy.jar:/Library/Java/JavaVirtualMachines/jdk1.8.0_74.jdk/Contents/Home/jre/lib/ext/cldrdata.jar:/Library/Java/JavaVirtualMachines/jdk1.8.0_74.jdk/Contents/Home/jre/lib/ext/dnsns.jar:/Library/Java/JavaVirtualMachines/jdk1.8.0_74.jdk/Contents/Home/jre/lib/ext/jaccess.jar:/Library/Java/JavaVirtualMachines/jdk1.8.0_74.jdk/Contents/Home/jre/lib/ext/jfxrt.jar:/Library/Java/JavaVirtualMachines/jdk1.8.0_74.jdk/Contents/Home/jre/lib/ext/localedata.jar:/Library/Java/JavaVirtualMachines/jdk1.8.0_74.jdk/Contents/Home/jre/lib/ext/nashorn.jar:/Library/Java/JavaVirtualMachines/jdk1.8.0_74.jdk/Contents/Home/jre/lib/ext/sunec.jar:/Library/Java/JavaVirtualMachines/jdk1.8.0_74.jdk/Contents/Home/jre/lib/ext/sunjce_provider.jar:/Library/Java/JavaVirtualMachines/jdk1.8.0_74.jdk/Contents/Home/jre/lib/ext/sunpkcs11.jar:/Library/Java/JavaVirtualMachines/jdk1.8.0_74.jdk/Contents/Home/jre/lib/ext/zipfs.jar:/Library/Java/JavaVirtualMachines/jdk1.8.0_74.jdk/Contents/Home/jre/lib/javaws.jar:/Library/Java/JavaVirtualMachines/jdk1.8.0_74.jdk/Contents/Home/jre/lib/jce.jar:/Library/Java/JavaVirtualMachines/jdk1.8.0_74.jdk/Contents/Home/jre/lib/jfr.jar:/Library/Java/JavaVirtualMachines/jdk1.8.0_74.jdk/Contents/Home/jre/lib/jfxswt.jar:/Library/Java/JavaVirtualMachines/jdk1.8.0_74.jdk/Contents/Home/jre/lib/jsse.jar:/Library/Java/JavaVirtualMachines/jdk1.8.0_74.jdk/Contents/Home/jre/lib/management-agent.jar:/Library/Java/JavaVirtualMachines/jdk1.8.0_74.jdk/Contents/Home/jre/lib/plugin.jar:/Library/Java/JavaVirtualMachines/jdk1.8.0_74.jdk/Contents/Home/jre/lib/resources.jar:/Library/Java/JavaVirtualMachines/jdk1.8.0_74.jdk/Contents/Home/jre/lib/rt.jar:/Library/Java/JavaVirtualMachines/jdk1.8.0_74.jdk/Contents/Home/lib/ant-javafx.jar:/Library/Java/JavaVirtualMachines/jdk1.8.0_74.jdk/Contents/Home/lib/dt.jar:/Library/Ja
Launcher Type: SUN_STANDARD

Environment Variables:
JAVA_HOME=/Library/Java/JavaVirtualMachines/jdk1.7.0_79.jdk/Contents/Home
PATH=/Users/liwenke/sorft/gradle-2.12/bin:/Users/liwenke/sorft/apache-maven-3.3.9/bin:/Library/Java/JavaVirtualMachines/jdk1.7.0_79.jdk/Contents/Home/bin:/usr/bin:/bin:/usr/sbin:/sbin:/usr/local/bin
SHELL=/bin/zsh

Signal Handlers:
SIGSEGV: [libjvm.dylib+0x5a6855], sa_mask[0]=11111111011111110111111111111111, sa_flags=SA_ONSTACK|SA_RESTART|SA_SIGINFO
SIGBUS: [libjvm.dylib+0x5a6855], sa_mask[0]=11111111011111110111111111111111, sa_flags=SA_RESTART|SA_SIGINFO
SIGFPE: [libjvm.dylib+0x4804ec], sa_mask[0]=11111111011111110111111111111111, sa_flags=SA_RESTART|SA_SIGINFO
SIGPIPE: [libjvm.dylib+0x4804ec], sa_mask[0]=11111111011111110111111111111111, sa_flags=SA_RESTART|SA_SIGINFO
SIGXFSZ: [libjvm.dylib+0x4804ec], sa_mask[0]=11111111011111110111111111111111, sa_flags=SA_RESTART|SA_SIGINFO
SIGILL: [libjvm.dylib+0x4804ec], sa_mask[0]=11111111011111110111111111111111, sa_flags=SA_RESTART|SA_SIGINFO
SIGUSR1: SIG_DFL, sa_mask[0]=00000000000000000000000000000000, sa_flags=none
SIGUSR2: [libjvm.dylib+0x48000a], sa_mask[0]=00100000000000000000000000000000, sa_flags=SA_RESTART|SA_SIGINFO
SIGHUP: [libjvm.dylib+0x47e5e1], sa_mask[0]=11111111011111110111111111111111, sa_flags=SA_RESTART|SA_SIGINFO
SIGINT: [libjvm.dylib+0x47e5e1], sa_mask[0]=11111111011111110111111111111111, sa_flags=SA_RESTART|SA_SIGINFO
SIGTERM: [libjvm.dylib+0x47e5e1], sa_mask[0]=11111111011111110111111111111111, sa_flags=SA_RESTART|SA_SIGINFO
SIGQUIT: [libjvm.dylib+0x47e5e1], sa_mask[0]=11111111011111110111111111111111, sa_flags=SA_RESTART|SA_SIGINFO


---------------  S Y S T E M  ---------------

OS:Bsduname:Darwin 15.4.0 Darwin Kernel Version 15.4.0: Fri Feb 26 22:08:05 PST 2016; root:xnu-3248.40.184~3/RELEASE_X86_64 x86_64
rlimit: STACK 8192k, CORE 0k, NPROC 709, NOFILE 10240, AS infinity
load average:2.59 2.05 1.70

CPU:total 4 (2 cores per cpu, 2 threads per core) family 6 model 69 stepping 1, cmov, cx8, fxsr, mmx, sse, sse2, sse3, ssse3, sse4.1, sse4.2, popcnt, avx, avx2, aes, clmul, erms, lzcnt, ht, tsc, tscinvbit, bmi1, bmi2

Memory: 4k page, physical 8388608k(1155328k free)

/proc/meminfo:


vm_info: Java HotSpot(TM) 64-Bit Server VM (25.74-b02) for bsd-amd64 JRE (1.8.0_74-b02), built on Jan 29 2016 15:32:34 by "java_re" with gcc 4.2.1 (Based on Apple Inc. build 5658) (LLVM build 2336.11.00)

time: Thu Apr 21 14:15:06 2016
elapsed time: 0 seconds (0d 0h 0m 0s)

