#
# A fatal error has been detected by the Java Runtime Environment:
#
#  SIGSEGV (0xb) at pc=0x000000010faa5c1e, pid=5511, tid=4099
#
# JRE version: Java(TM) SE Runtime Environment (8.0_74-b02) (build 1.8.0_74-b02)
# Java VM: Java HotSpot(TM) 64-Bit Server VM (25.74-b02 mixed mode bsd-amd64 compressed oops)
# Problematic frame:
# V  [libjvm.dylib+0x575c1e]  Unsafe_GetNativeInt+0x47
#
# Failed to write core dump. Core dumps have been disabled. To enable core dumping, try "ulimit -c unlimited" before starting Java again
#
# If you would like to submit a bug report, please visit:
#   http://bugreport.java.com/bugreport/crash.jsp
#

---------------  T H R E A D  ---------------

Current thread (0x00007faaf4000800):  JavaThread "main" [_thread_in_vm, id=4099, stack(0x0000700000084000,0x0000700000184000)]

siginfo: si_signo: 11 (SIGSEGV), si_code: 1 (SEGV_MAPERR), si_addr: 0x0000000000000032

Registers:
RAX=0x00007faaf4000800, RBX=0x0000000000000032, RCX=0x000000010fd45340, RDX=0x0000000000000032
RSP=0x0000700000182eb0, RBP=0x0000700000182ee0, RSI=0x0000000000000006, RDI=0x0000000000000102
R8 =0x0000000110e60ee7, R9 =0x00000000fffffff0, R10=0x0000000110e15928, R11=0x000000010fa0bfb7
R12=0x0000000000000000, R13=0x0000000124cea430, R14=0x00007faaf4000800, R15=0x0000700000182ec0
RIP=0x000000010faa5c1e, EFLAGS=0x0000000000010246, ERR=0x0000000000000004
  TRAPNO=0x000000000000000e

Top of Stack: (sp=0x0000700000182eb0)
0x0000700000182eb0:   00007faaf4000800 00007faaf4000800
0x0000700000182ec0:   00007faaf4000800 0000000124cea430
0x0000700000182ed0:   0000700000182f78 00007faaf4000800
0x0000700000182ee0:   0000700000182f48 0000000110e15954
0x0000700000182ef0:   0000700000182f48 0000000110e156e7
0x0000700000182f00:   0000000110e156a2 0000700000182f08
0x0000700000182f10:   0000000124cea430 0000700000182f78
0x0000700000182f20:   0000000124d17fb8 0000000000000000
0x0000700000182f30:   0000000124cea430 0000000000000000
0x0000700000182f40:   0000700000182f68 0000700000182fc8
0x0000700000182f50:   0000000110e07690 0000000000000000
0x0000700000182f60:   0000000110e0f576 0000000000000032
0x0000700000182f70:   000000000000006c 00000007955889b8
0x0000700000182f80:   00000007955a0b10 0000700000182f88
0x0000700000182f90:   000000012506e7ae 0000700000183018
0x0000700000182fa0:   000000012506e968 0000000000000000
0x0000700000182fb0:   000000012506e848 0000700000182f68
0x0000700000182fc0:   0000700000183018 0000700000183080
0x0000700000182fd0:   0000000110e007a7 0000000795702cb0
0x0000700000182fe0:   0000000795702c68 0000000795702c20
0x0000700000182ff0:   0000000795702bd8 0000000795702b90
0x0000700000183000:   0000000795702b48 0000000795702b00
0x0000700000183010:   00000007955889b8 00000007956f7868
0x0000700000183020:   0000000100001fa0 000000000000000a
0x0000700000183030:   00007faaf4000800 0000000000000001
0x0000700000183040:   0000000110e0071f 000000012506e848
0x0000700000183050:   0000700000183118 0000700000183470
0x0000700000183060:   000000070000000a 000000012506e848
0x0000700000183070:   0000000110e10c00 0000700000183480
0x0000700000183080:   0000700000183230 000000010f81a39e
0x0000700000183090:   00007faa00000001 00007faaf4000800
0x00007000001830a0:   0000700000183830 0000700000183470 

Instructions: (pc=0x000000010faa5c1e)
0x000000010faa5bfe:   00 e8 64 28 bf ff 4c 89 75 d8 48 8d 05 21 34 2b
0x000000010faa5c0e:   00 48 63 38 e8 fb a5 04 00 c6 80 94 02 00 00 01
0x000000010faa5c1e:   8b 1b c6 80 94 02 00 00 00 48 8d 7d d8 e8 58 b0
0x000000010faa5c2e:   f6 ff ba 04 00 00 00 4c 89 ff be 06 00 00 00 e8 

Register to memory mapping:

RAX=0x00007faaf4000800 is a thread
RBX=0x0000000000000032 is an unknown value
RCX=0x000000010fd45340: UseMembar+0 in /Library/Java/JavaVirtualMachines/jdk1.8.0_74.jdk/Contents/Home/jre/lib/server/libjvm.dylib at 0x000000010f530000
RDX=0x0000000000000032 is an unknown value
RSP=0x0000700000182eb0 is pointing into the stack for thread: 0x00007faaf4000800
RBP=0x0000700000182ee0 is pointing into the stack for thread: 0x00007faaf4000800
RSI=0x0000000000000006 is an unknown value
RDI=0x0000000000000102 is an unknown value
R8 =0x0000000110e60ee7 is at code_begin+7 in 
[CodeBlob (0x0000000110e60e90)]
Framesize: 0
BufferBlob (0x0000000110e60e90) used for Signature Handler Temp Buffer
R9 =0x00000000fffffff0 is an unknown value
R10=0x0000000110e15928 is at code_begin+808 in an Interpreter codelet
method entry point (kind = native)  [0x0000000110e15600, 0x0000000110e15f00]  2304 bytes
R11=0x000000010fa0bfb7: throw_unsatisfied_link_error+0 in /Library/Java/JavaVirtualMachines/jdk1.8.0_74.jdk/Contents/Home/jre/lib/server/libjvm.dylib at 0x000000010f530000
R12=0x0000000000000000 is an unknown value
R13={method} {0x0000000124cea430} 'getInt' '(J)I' in 'sun/misc/Unsafe'
R14=0x00007faaf4000800 is a thread
R15=0x0000700000182ec0 is pointing into the stack for thread: 0x00007faaf4000800


Stack: [0x0000700000084000,0x0000700000184000],  sp=0x0000700000182eb0,  free space=1019k
Native frames: (J=compiled Java code, j=interpreted, Vv=VM code, C=native code)
V  [libjvm.dylib+0x575c1e]  Unsafe_GetNativeInt+0x47
j  sun.misc.Unsafe.getInt(J)I+0
j  chapter05.atomic.extend.UnsafeTest.main([Ljava/lang/String;)V+182
v  ~StubRoutines::call_stub
V  [libjvm.dylib+0x2ea39e]  JavaCalls::call_helper(JavaValue*, methodHandle*, JavaCallArguments*, Thread*)+0x6ae
V  [libjvm.dylib+0x4caa14]  Reflection::invoke(instanceKlassHandle, methodHandle, Handle, bool, objArrayHandle, BasicType, objArrayHandle, bool, Thread*)+0xe12
V  [libjvm.dylib+0x4caf48]  Reflection::invoke_method(oopDesc*, Handle, objArrayHandle, Thread*)+0x16c
V  [libjvm.dylib+0x3425b0]  JVM_InvokeMethod+0x166
j  sun.reflect.NativeMethodAccessorImpl.invoke0(Ljava/lang/reflect/Method;Ljava/lang/Object;[Ljava/lang/Object;)Ljava/lang/Object;+0
j  sun.reflect.NativeMethodAccessorImpl.invoke(Ljava/lang/Object;[Ljava/lang/Object;)Ljava/lang/Object;+100
j  sun.reflect.DelegatingMethodAccessorImpl.invoke(Ljava/lang/Object;[Ljava/lang/Object;)Ljava/lang/Object;+6
j  java.lang.reflect.Method.invoke(Ljava/lang/Object;[Ljava/lang/Object;)Ljava/lang/Object;+56
j  com.intellij.rt.execution.application.AppMain.main([Ljava/lang/String;)V+180
v  ~StubRoutines::call_stub
V  [libjvm.dylib+0x2ea39e]  JavaCalls::call_helper(JavaValue*, methodHandle*, JavaCallArguments*, Thread*)+0x6ae
V  [libjvm.dylib+0x321110]  jni_invoke_static(JNIEnv_*, JavaValue*, _jobject*, JNICallType, _jmethodID*, JNI_ArgumentPusher*, Thread*)+0x1bf
V  [libjvm.dylib+0x319e8a]  jni_CallStaticVoidMethod+0x15d
C  [java+0x393e]  JavaMain+0x9b1
C  [libsystem_pthread.dylib+0x399d]  _pthread_body+0x83
C  [libsystem_pthread.dylib+0x391a]  _pthread_body+0x0
C  [libsystem_pthread.dylib+0x1351]  thread_start+0xd
C  0x0000000000000000

Java frames: (J=compiled Java code, j=interpreted, Vv=VM code)
j  sun.misc.Unsafe.getInt(J)I+0
j  chapter05.atomic.extend.UnsafeTest.main([Ljava/lang/String;)V+182
v  ~StubRoutines::call_stub
j  sun.reflect.NativeMethodAccessorImpl.invoke0(Ljava/lang/reflect/Method;Ljava/lang/Object;[Ljava/lang/Object;)Ljava/lang/Object;+0
j  sun.reflect.NativeMethodAccessorImpl.invoke(Ljava/lang/Object;[Ljava/lang/Object;)Ljava/lang/Object;+100
j  sun.reflect.DelegatingMethodAccessorImpl.invoke(Ljava/lang/Object;[Ljava/lang/Object;)Ljava/lang/Object;+6
j  java.lang.reflect.Method.invoke(Ljava/lang/Object;[Ljava/lang/Object;)Ljava/lang/Object;+56
j  com.intellij.rt.execution.application.AppMain.main([Ljava/lang/String;)V+180
v  ~StubRoutines::call_stub

---------------  P R O C E S S  ---------------

Java Threads: ( => current thread )
  0x00007faaf382e000 JavaThread "Monitor Ctrl-Break" daemon [_thread_in_native, id=19971, stack(0x00007000010cd000,0x00007000011cd000)]
  0x00007faaf3822000 JavaThread "Service Thread" daemon [_thread_blocked, id=18947, stack(0x0000700000ec7000,0x0000700000fc7000)]
  0x00007faaf3826800 JavaThread "C1 CompilerThread2" daemon [_thread_blocked, id=18435, stack(0x0000700000dc4000,0x0000700000ec4000)]
  0x00007faaf4849800 JavaThread "C2 CompilerThread1" daemon [_thread_blocked, id=17923, stack(0x0000700000cc1000,0x0000700000dc1000)]
  0x00007faaf4021800 JavaThread "C2 CompilerThread0" daemon [_thread_blocked, id=17411, stack(0x0000700000bbe000,0x0000700000cbe000)]
  0x00007faaf3018800 JavaThread "Signal Dispatcher" daemon [_thread_blocked, id=16651, stack(0x0000700000abb000,0x0000700000bbb000)]
  0x00007faaf300e000 JavaThread "Finalizer" daemon [_thread_blocked, id=12291, stack(0x000070000082f000,0x000070000092f000)]
  0x00007faaf4015800 JavaThread "Reference Handler" daemon [_thread_blocked, id=11779, stack(0x000070000072c000,0x000070000082c000)]
=>0x00007faaf4000800 JavaThread "main" [_thread_in_vm, id=4099, stack(0x0000700000084000,0x0000700000184000)]

Other Threads:
  0x00007faaf381b000 VMThread [stack: 0x0000700000629000,0x0000700000729000] [id=11267]
  0x00007faaf3018000 WatcherThread [stack: 0x0000700000fca000,0x00007000010ca000] [id=19459]

VM state:not at safepoint (normal execution)

VM Mutex/Monitor currently owned by a thread: None

Heap:
 PSYoungGen      total 38400K, used 2662K [0x0000000795580000, 0x0000000798000000, 0x00000007c0000000)
  eden space 33280K, 8% used [0x0000000795580000,0x0000000795819a20,0x0000000797600000)
  from space 5120K, 0% used [0x0000000797b00000,0x0000000797b00000,0x0000000798000000)
  to   space 5120K, 0% used [0x0000000797600000,0x0000000797600000,0x0000000797b00000)
 ParOldGen       total 87552K, used 0K [0x0000000740000000, 0x0000000745580000, 0x0000000795580000)
  object space 87552K, 0% used [0x0000000740000000,0x0000000740000000,0x0000000745580000)
 Metaspace       used 3023K, capacity 4494K, committed 4864K, reserved 1056768K
  class space    used 336K, capacity 386K, committed 512K, reserved 1048576K

Card table byte_map: [0x00000001201c0000,0x00000001205c1000] byte_map_base: 0x000000011c7c0000

Marking Bits: (ParMarkBitMap*) 0x000000010fe13ea0
 Begin Bits: [0x000000012086c000, 0x000000012286c000)
 End Bits:   [0x000000012286c000, 0x000000012486c000)

Polling page: 0x0000000110506000

CodeCache: size=245760Kb used=1151Kb max_used=1151Kb free=244608Kb
 bounds [0x0000000110e00000, 0x0000000111070000, 0x000000011fe00000]
 total_blobs=300 nmethods=62 adapters=152
 compilation: enabled

Compilation events (10 events):
Event: 0.230 Thread 0x00007faaf3826800   57       3       java.lang.String::lastIndexOf (13 bytes)
Event: 0.230 Thread 0x00007faaf3826800 nmethod 57 0x0000000110f1db10 code [0x0000000110f1dc80, 0x0000000110f1dea8]
Event: 0.231 Thread 0x00007faaf3826800   58       3       java.util.concurrent.ConcurrentHashMap::tabAt (21 bytes)
Event: 0.231 Thread 0x00007faaf3826800 nmethod 58 0x0000000110f1e2d0 code [0x0000000110f1e440, 0x0000000110f1e670]
Event: 0.231 Thread 0x00007faaf3826800   60       3       java.lang.String::endsWith (17 bytes)
Event: 0.231 Thread 0x00007faaf3826800 nmethod 60 0x0000000110f1e710 code [0x0000000110f1e880, 0x0000000110f1eaa8]
Event: 0.233 Thread 0x00007faaf3826800   61       3       java.lang.AbstractStringBuilder::<init> (12 bytes)
Event: 0.233 Thread 0x00007faaf3826800 nmethod 61 0x0000000110f1efd0 code [0x0000000110f1f140, 0x0000000110f1f390]
Event: 0.234 Thread 0x00007faaf3826800   62       1       java.nio.Buffer::position (5 bytes)
Event: 0.234 Thread 0x00007faaf3826800 nmethod 62 0x0000000110f1f450 code [0x0000000110f1f5a0, 0x0000000110f1f6b0]

GC Heap History (0 events):
No events

Deoptimization events (0 events):
No events

Internal exceptions (2 events):
Event: 0.057 Thread 0x00007faaf4000800 Exception <a 'java/lang/NoSuchMethodError': Method sun.misc.Unsafe.defineClass(Ljava/lang/String;[BII)Ljava/lang/Class; name or signature does not match> (0x0000000795587cc0) thrown at [/Users/java_re/workspace/8-2-build-macosx-x86_64/jdk8u74/6087/hotspot
Event: 0.057 Thread 0x00007faaf4000800 Exception <a 'java/lang/NoSuchMethodError': Method sun.misc.Unsafe.prefetchRead(Ljava/lang/Object;J)V name or signature does not match> (0x0000000795587fa8) thrown at [/Users/java_re/workspace/8-2-build-macosx-x86_64/jdk8u74/6087/hotspot/src/share/vm/prim

Events (10 events):
Event: 0.234 loading class java/net/SocketAddress done
Event: 0.234 loading class java/net/InetSocketAddress done
Event: 0.234 loading class java/net/InetAddress
Event: 0.234 loading class java/net/InetAddress done
Event: 0.234 loading class java/net/InetSocketAddress$InetSocketAddressHolder
Event: 0.234 loading class java/net/InetSocketAddress$InetSocketAddressHolder done
Event: 0.234 loading class sun/security/action/GetBooleanAction
Event: 0.234 loading class sun/security/action/GetBooleanAction done
Event: 0.234 loading class java/net/InetAddress$1
Event: 0.234 loading class java/net/InetAddress$1 done


Dynamic libraries:
0x0000000006555000 	/System/Library/Frameworks/Cocoa.framework/Versions/A/Cocoa
0x0000000006555000 	/System/Library/Frameworks/Security.framework/Versions/A/Security
0x0000000006555000 	/System/Library/Frameworks/ApplicationServices.framework/Versions/A/ApplicationServices
0x0000000006555000 	/usr/lib/libz.1.dylib
0x0000000006555000 	/usr/lib/libSystem.B.dylib
0x0000000006555000 	/usr/lib/libobjc.A.dylib
0x0000000006555000 	/System/Library/Frameworks/CoreFoundation.framework/Versions/A/CoreFoundation
0x0000000006555000 	/System/Library/Frameworks/Foundation.framework/Versions/C/Foundation
0x0000000006555000 	/System/Library/Frameworks/AppKit.framework/Versions/C/AppKit
0x0000000006555000 	/System/Library/Frameworks/CoreData.framework/Versions/A/CoreData
0x0000000006555000 	/System/Library/PrivateFrameworks/RemoteViewServices.framework/Versions/A/RemoteViewServices
0x0000000006555000 	/System/Library/PrivateFrameworks/UIFoundation.framework/Versions/A/UIFoundation
0x0000000006555000 	/usr/lib/libScreenReader.dylib
0x0000000006555000 	/System/Library/Frameworks/Accelerate.framework/Versions/A/Accelerate
0x0000000006555000 	/System/Library/Frameworks/IOSurface.framework/Versions/A/IOSurface
0x0000000006555000 	/System/Library/Frameworks/AudioToolbox.framework/Versions/A/AudioToolbox
0x0000000006555000 	/System/Library/Frameworks/AudioUnit.framework/Versions/A/AudioUnit
0x0000000006555000 	/System/Library/PrivateFrameworks/DataDetectorsCore.framework/Versions/A/DataDetectorsCore
0x0000000006555000 	/System/Library/PrivateFrameworks/DesktopServicesPriv.framework/Versions/A/DesktopServicesPriv
0x0000000006555000 	/System/Library/Frameworks/Carbon.framework/Versions/A/Frameworks/HIToolbox.framework/Versions/A/HIToolbox
0x0000000006555000 	/System/Library/Frameworks/QuartzCore.framework/Versions/A/QuartzCore
0x0000000006555000 	/System/Library/Frameworks/Carbon.framework/Versions/A/Frameworks/SpeechRecognition.framework/Versions/A/SpeechRecognition
0x0000000006555000 	/usr/lib/libauto.dylib
0x0000000006555000 	/usr/lib/libicucore.A.dylib
0x0000000006555000 	/usr/lib/libxml2.2.dylib
0x0000000006555000 	/System/Library/PrivateFrameworks/CoreUI.framework/Versions/A/CoreUI
0x0000000006555000 	/System/Library/Frameworks/CoreAudio.framework/Versions/A/CoreAudio
0x0000000006555000 	/System/Library/Frameworks/DiskArbitration.framework/Versions/A/DiskArbitration
0x0000000006555000 	/usr/lib/liblangid.dylib
0x0000000006555000 	/System/Library/PrivateFrameworks/MultitouchSupport.framework/Versions/A/MultitouchSupport
0x0000000006555000 	/System/Library/Frameworks/IOKit.framework/Versions/A/IOKit
0x0000000006555000 	/usr/lib/libDiagnosticMessagesClient.dylib
0x0000000006555000 	/System/Library/Frameworks/CoreServices.framework/Versions/A/CoreServices
0x0000000006555000 	/System/Library/PrivateFrameworks/PerformanceAnalysis.framework/Versions/A/PerformanceAnalysis
0x0000000006555000 	/System/Library/PrivateFrameworks/GenerationalStorage.framework/Versions/A/GenerationalStorage
0x0000000006555000 	/System/Library/Frameworks/OpenGL.framework/Versions/A/OpenGL
0x0000000006555000 	/System/Library/PrivateFrameworks/Sharing.framework/Versions/A/Sharing
0x0000000006555000 	/System/Library/Frameworks/CoreGraphics.framework/Versions/A/CoreGraphics
0x0000000006555000 	/System/Library/Frameworks/CoreImage.framework/Versions/A/CoreImage
0x0000000006555000 	/System/Library/Frameworks/CoreText.framework/Versions/A/CoreText
0x0000000006555000 	/System/Library/Frameworks/ImageIO.framework/Versions/A/ImageIO
0x0000000006555000 	/System/Library/PrivateFrameworks/Backup.framework/Versions/A/Backup
0x0000000006555000 	/usr/lib/libextension.dylib
0x0000000006555000 	/usr/lib/libarchive.2.dylib
0x0000000006555000 	/System/Library/Frameworks/CFNetwork.framework/Versions/A/CFNetwork
0x0000000006555000 	/System/Library/Frameworks/SystemConfiguration.framework/Versions/A/SystemConfiguration
0x0000000006555000 	/usr/lib/libCRFSuite.dylib
0x0000000006555000 	/usr/lib/libc++.1.dylib
0x0000000006555000 	/usr/lib/libc++abi.dylib
0x0000000006555000 	/usr/lib/system/libcache.dylib
0x0000000006555000 	/usr/lib/system/libcommonCrypto.dylib
0x0000000006555000 	/usr/lib/system/libcompiler_rt.dylib
0x0000000006555000 	/usr/lib/system/libcopyfile.dylib
0x0000000006555000 	/usr/lib/system/libcorecrypto.dylib
0x0000000006555000 	/usr/lib/system/libdispatch.dylib
0x0000000006555000 	/usr/lib/system/libdyld.dylib
0x0000000006555000 	/usr/lib/system/libkeymgr.dylib
0x0000000006555000 	/usr/lib/system/liblaunch.dylib
0x0000000006555000 	/usr/lib/system/libmacho.dylib
0x0000000006555000 	/usr/lib/system/libquarantine.dylib
0x0000000006555000 	/usr/lib/system/libremovefile.dylib
0x0000000006555000 	/usr/lib/system/libsystem_asl.dylib
0x0000000006555000 	/usr/lib/system/libsystem_blocks.dylib
0x0000000006555000 	/usr/lib/system/libsystem_c.dylib
0x0000000006555000 	/usr/lib/system/libsystem_configuration.dylib
0x0000000006555000 	/usr/lib/system/libsystem_coreservices.dylib
0x0000000006555000 	/usr/lib/system/libsystem_coretls.dylib
0x0000000006555000 	/usr/lib/system/libsystem_dnssd.dylib
0x0000000006555000 	/usr/lib/system/libsystem_info.dylib
0x0000000006555000 	/usr/lib/system/libsystem_kernel.dylib
0x0000000006555000 	/usr/lib/system/libsystem_m.dylib
0x0000000006555000 	/usr/lib/system/libsystem_malloc.dylib
0x0000000006555000 	/usr/lib/system/libsystem_network.dylib
0x0000000006555000 	/usr/lib/system/libsystem_networkextension.dylib
0x0000000006555000 	/usr/lib/system/libsystem_notify.dylib
0x0000000006555000 	/usr/lib/system/libsystem_platform.dylib
0x0000000006555000 	/usr/lib/system/libsystem_pthread.dylib
0x0000000006555000 	/usr/lib/system/libsystem_sandbox.dylib
0x0000000006555000 	/usr/lib/system/libsystem_secinit.dylib
0x0000000006555000 	/usr/lib/system/libsystem_trace.dylib
0x0000000006555000 	/usr/lib/system/libunc.dylib
0x0000000006555000 	/usr/lib/system/libunwind.dylib
0x0000000006555000 	/usr/lib/system/libxpc.dylib
0x0000000006555000 	/usr/lib/libenergytrace.dylib
0x0000000006555000 	/usr/lib/libbsm.0.dylib
0x0000000006555000 	/usr/lib/system/libkxld.dylib
0x0000000006555000 	/usr/lib/libxar.1.dylib
0x0000000006555000 	/usr/lib/libsqlite3.dylib
0x0000000006555000 	/usr/lib/libpam.2.dylib
0x0000000006555000 	/usr/lib/libOpenScriptingUtil.dylib
0x0000000006555000 	/usr/lib/libbz2.1.0.dylib
0x0000000006555000 	/usr/lib/liblzma.5.dylib
0x0000000006555000 	/System/Library/Frameworks/CoreServices.framework/Versions/A/Frameworks/FSEvents.framework/Versions/A/FSEvents
0x0000000006555000 	/System/Library/Frameworks/CoreServices.framework/Versions/A/Frameworks/CarbonCore.framework/Versions/A/CarbonCore
0x0000000006555000 	/System/Library/Frameworks/CoreServices.framework/Versions/A/Frameworks/Metadata.framework/Versions/A/Metadata
0x0000000006555000 	/System/Library/Frameworks/CoreServices.framework/Versions/A/Frameworks/OSServices.framework/Versions/A/OSServices
0x0000000006555000 	/System/Library/Frameworks/CoreServices.framework/Versions/A/Frameworks/SearchKit.framework/Versions/A/SearchKit
0x0000000006555000 	/System/Library/Frameworks/CoreServices.framework/Versions/A/Frameworks/AE.framework/Versions/A/AE
0x0000000006555000 	/System/Library/Frameworks/CoreServices.framework/Versions/A/Frameworks/LaunchServices.framework/Versions/A/LaunchServices
0x0000000006555000 	/System/Library/Frameworks/CoreServices.framework/Versions/A/Frameworks/DictionaryServices.framework/Versions/A/DictionaryServices
0x0000000006555000 	/System/Library/Frameworks/CoreServices.framework/Versions/A/Frameworks/SharedFileList.framework/Versions/A/SharedFileList
0x0000000006555000 	/System/Library/Frameworks/NetFS.framework/Versions/A/NetFS
0x0000000006555000 	/System/Library/PrivateFrameworks/NetAuth.framework/Versions/A/NetAuth
0x0000000006555000 	/System/Library/PrivateFrameworks/login.framework/Versions/A/Frameworks/loginsupport.framework/Versions/A/loginsupport
0x0000000006555000 	/System/Library/PrivateFrameworks/TCC.framework/Versions/A/TCC
0x0000000006555000 	/usr/lib/libmecabra.dylib
0x0000000006555000 	/System/Library/Frameworks/ApplicationServices.framework/Versions/A/Frameworks/ATS.framework/Versions/A/ATS
0x0000000006555000 	/System/Library/Frameworks/ApplicationServices.framework/Versions/A/Frameworks/ColorSync.framework/Versions/A/ColorSync
0x0000000006555000 	/System/Library/Frameworks/ApplicationServices.framework/Versions/A/Frameworks/HIServices.framework/Versions/A/HIServices
0x0000000006555000 	/System/Library/Frameworks/ApplicationServices.framework/Versions/A/Frameworks/LangAnalysis.framework/Versions/A/LangAnalysis
0x0000000006555000 	/System/Library/Frameworks/ApplicationServices.framework/Versions/A/Frameworks/PrintCore.framework/Versions/A/PrintCore
0x0000000006555000 	/System/Library/Frameworks/ApplicationServices.framework/Versions/A/Frameworks/QD.framework/Versions/A/QD
0x0000000006555000 	/System/Library/Frameworks/ApplicationServices.framework/Versions/A/Frameworks/SpeechSynthesis.framework/Versions/A/SpeechSynthesis
0x0000000006555000 	/System/Library/Frameworks/Metal.framework/Versions/A/Metal
0x0000000006555000 	/System/Library/Frameworks/Accelerate.framework/Versions/A/Frameworks/vImage.framework/Versions/A/vImage
0x0000000006555000 	/System/Library/Frameworks/Accelerate.framework/Versions/A/Frameworks/vecLib.framework/Versions/A/vecLib
0x0000000006555000 	/System/Library/Frameworks/Accelerate.framework/Versions/A/Frameworks/vecLib.framework/Versions/A/libvDSP.dylib
0x0000000006555000 	/System/Library/Frameworks/Accelerate.framework/Versions/A/Frameworks/vecLib.framework/Versions/A/libvMisc.dylib
0x0000000006555000 	/System/Library/Frameworks/Accelerate.framework/Versions/A/Frameworks/vecLib.framework/Versions/A/libLAPACK.dylib
0x0000000006555000 	/System/Library/Frameworks/Accelerate.framework/Versions/A/Frameworks/vecLib.framework/Versions/A/libBLAS.dylib
0x0000000006555000 	/System/Library/Frameworks/Accelerate.framework/Versions/A/Frameworks/vecLib.framework/Versions/A/libLinearAlgebra.dylib
0x0000000006555000 	/System/Library/Frameworks/Accelerate.framework/Versions/A/Frameworks/vecLib.framework/Versions/A/libSparseBLAS.dylib
0x0000000006555000 	/System/Library/PrivateFrameworks/GPUCompiler.framework/libmetal_timestamp.dylib
0x0000000006555000 	/System/Library/Frameworks/OpenGL.framework/Versions/A/Libraries/libCoreFSCache.dylib
0x0000000006555000 	/System/Library/PrivateFrameworks/IOAccelerator.framework/Versions/A/IOAccelerator
0x0000000006555000 	/System/Library/Frameworks/ApplicationServices.framework/Versions/A/Frameworks/ATS.framework/Versions/A/Resources/libFontParser.dylib
0x0000000006555000 	/System/Library/Frameworks/ApplicationServices.framework/Versions/A/Frameworks/ATS.framework/Versions/A/Resources/libFontRegistry.dylib
0x0000000006555000 	/System/Library/PrivateFrameworks/AppleVPA.framework/Versions/A/AppleVPA
0x0000000006555000 	/System/Library/PrivateFrameworks/AppleJPEG.framework/Versions/A/AppleJPEG
0x0000000006555000 	/System/Library/Frameworks/ImageIO.framework/Versions/A/Resources/libJPEG.dylib
0x0000000006555000 	/System/Library/Frameworks/ImageIO.framework/Versions/A/Resources/libTIFF.dylib
0x0000000006555000 	/System/Library/Frameworks/ImageIO.framework/Versions/A/Resources/libPng.dylib
0x0000000006555000 	/System/Library/Frameworks/ImageIO.framework/Versions/A/Resources/libGIF.dylib
0x0000000006555000 	/System/Library/Frameworks/ImageIO.framework/Versions/A/Resources/libJP2.dylib
0x0000000006555000 	/System/Library/Frameworks/ImageIO.framework/Versions/A/Resources/libRadiance.dylib
0x0000000006555000 	/System/Library/Frameworks/CoreVideo.framework/Versions/A/CoreVideo
0x0000000006555000 	/System/Library/Frameworks/OpenGL.framework/Versions/A/Libraries/libGLU.dylib
0x0000000006555000 	/System/Library/Frameworks/OpenGL.framework/Versions/A/Libraries/libGFXShared.dylib
0x0000000006555000 	/System/Library/Frameworks/OpenGL.framework/Versions/A/Libraries/libGL.dylib
0x0000000006555000 	/System/Library/Frameworks/OpenGL.framework/Versions/A/Libraries/libGLImage.dylib
0x0000000006555000 	/System/Library/Frameworks/OpenGL.framework/Versions/A/Libraries/libCVMSPluginSupport.dylib
0x0000000006555000 	/System/Library/Frameworks/OpenGL.framework/Versions/A/Libraries/libCoreVMClient.dylib
0x0000000006555000 	/usr/lib/libcups.2.dylib
0x0000000006555000 	/System/Library/Frameworks/Kerberos.framework/Versions/A/Kerberos
0x0000000006555000 	/System/Library/Frameworks/GSS.framework/Versions/A/GSS
0x0000000006555000 	/usr/lib/libresolv.9.dylib
0x0000000006555000 	/usr/lib/libiconv.2.dylib
0x0000000006555000 	/System/Library/PrivateFrameworks/Heimdal.framework/Versions/A/Heimdal
0x0000000006555000 	/usr/lib/libheimdal-asn1.dylib
0x0000000006555000 	/System/Library/Frameworks/OpenDirectory.framework/Versions/A/OpenDirectory
0x0000000006555000 	/System/Library/PrivateFrameworks/CommonAuth.framework/Versions/A/CommonAuth
0x0000000006555000 	/System/Library/Frameworks/OpenDirectory.framework/Versions/A/Frameworks/CFOpenDirectory.framework/Versions/A/CFOpenDirectory
0x0000000006555000 	/System/Library/Frameworks/SecurityFoundation.framework/Versions/A/SecurityFoundation
0x0000000006555000 	/System/Library/PrivateFrameworks/LanguageModeling.framework/Versions/A/LanguageModeling
0x0000000006555000 	/usr/lib/libmarisa.dylib
0x0000000006555000 	/usr/lib/libChineseTokenizer.dylib
0x0000000006555000 	/usr/lib/libcmph.dylib
0x0000000006555000 	/usr/lib/libcompression.dylib
0x0000000006555000 	/System/Library/Frameworks/ServiceManagement.framework/Versions/A/ServiceManagement
0x0000000006555000 	/usr/lib/libxslt.1.dylib
0x0000000006555000 	/System/Library/Frameworks/Carbon.framework/Versions/A/Frameworks/Ink.framework/Versions/A/Ink
0x0000000006555000 	/usr/lib/libFosl_dynamic.dylib
0x0000000006555000 	/System/Library/PrivateFrameworks/FaceCore.framework/Versions/A/FaceCore
0x0000000006555000 	/System/Library/Frameworks/OpenCL.framework/Versions/A/OpenCL
0x0000000006555000 	/System/Library/PrivateFrameworks/CrashReporterSupport.framework/Versions/A/CrashReporterSupport
0x0000000006555000 	/System/Library/PrivateFrameworks/IconServices.framework/Versions/A/IconServices
0x0000000006555000 	/System/Library/PrivateFrameworks/Apple80211.framework/Versions/A/Apple80211
0x0000000006555000 	/System/Library/Frameworks/CoreWLAN.framework/Versions/A/CoreWLAN
0x0000000006555000 	/System/Library/Frameworks/IOBluetooth.framework/Versions/A/IOBluetooth
0x0000000006555000 	/System/Library/PrivateFrameworks/CoreWiFi.framework/Versions/A/CoreWiFi
0x0000000006555000 	/System/Library/Frameworks/CoreBluetooth.framework/Versions/A/CoreBluetooth
0x0000000006555000 	/System/Library/PrivateFrameworks/ChunkingLibrary.framework/Versions/A/ChunkingLibrary
0x0000000006555000 	/System/Library/PrivateFrameworks/DebugSymbols.framework/Versions/A/DebugSymbols
0x0000000006555000 	/System/Library/PrivateFrameworks/CoreSymbolication.framework/Versions/A/CoreSymbolication
0x0000000006555000 	/System/Library/PrivateFrameworks/Symbolication.framework/Versions/A/Symbolication
0x0000000006555000 	/System/Library/PrivateFrameworks/SpeechRecognitionCore.framework/Versions/A/SpeechRecognitionCore
0x000000010f4ec000 	/System/Library/CoreServices/Encodings/libSimplifiedChineseConverter.dylib
0x000000010f530000 	/Library/Java/JavaVirtualMachines/jdk1.8.0_74.jdk/Contents/Home/jre/lib/server/libjvm.dylib
0x0000000006555000 	/usr/lib/libstdc++.6.dylib
0x00000001104bf000 	/Library/Java/JavaVirtualMachines/jdk1.8.0_74.jdk/Contents/Home/jre/lib/libverify.dylib
0x00000001104cd000 	/Library/Java/JavaVirtualMachines/jdk1.8.0_74.jdk/Contents/Home/jre/lib/libjava.dylib
0x0000000110510000 	/Library/Java/JavaVirtualMachines/jdk1.8.0_74.jdk/Contents/Home/jre/lib/libzip.dylib
0x00000001105e5000 	/System/Library/Frameworks/JavaVM.framework/Frameworks/JavaRuntimeSupport.framework/JavaRuntimeSupport
0x0000000126697000 	/System/Library/Frameworks/JavaVM.framework/Versions/A/Frameworks/JavaNativeFoundation.framework/Versions/A/JavaNativeFoundation
0x00000001266ac000 	/System/Library/Frameworks/JavaVM.framework/Versions/A/JavaVM
0x0000000006555000 	/System/Library/Frameworks/Carbon.framework/Versions/A/Carbon
0x00000001266b9000 	/System/Library/PrivateFrameworks/JavaLaunching.framework/Versions/A/JavaLaunching
0x0000000006555000 	/System/Library/Frameworks/Carbon.framework/Versions/A/Frameworks/CommonPanels.framework/Versions/A/CommonPanels
0x0000000006555000 	/System/Library/Frameworks/Carbon.framework/Versions/A/Frameworks/Help.framework/Versions/A/Help
0x0000000006555000 	/System/Library/Frameworks/Carbon.framework/Versions/A/Frameworks/ImageCapture.framework/Versions/A/ImageCapture
0x0000000006555000 	/System/Library/Frameworks/Carbon.framework/Versions/A/Frameworks/OpenScripting.framework/Versions/A/OpenScripting
0x0000000006555000 	/System/Library/Frameworks/Carbon.framework/Versions/A/Frameworks/Print.framework/Versions/A/Print
0x0000000006555000 	/System/Library/Frameworks/Carbon.framework/Versions/A/Frameworks/SecurityHI.framework/Versions/A/SecurityHI
0x0000000128125000 	/Applications/IntelliJ IDEA 15.app/Contents/bin/libbreakgen64.jnilib
0x0000000128128000 	/Library/Java/JavaVirtualMachines/jdk1.8.0_74.jdk/Contents/Home/jre/lib/libnet.dylib

VM Arguments:
jvm_args: -Didea.launcher.port=7535 -Didea.launcher.bin.path=/Applications/IntelliJ IDEA 15.app/Contents/bin -Dfile.encoding=UTF-8 
java_command: com.intellij.rt.execution.application.AppMain chapter05.atomic.extend.UnsafeTest
java_class_path (initial): /Library/Java/JavaVirtualMachines/jdk1.8.0_74.jdk/Contents/Home/jre/lib/charsets.jar:/Library/Java/JavaVirtualMachines/jdk1.8.0_74.jdk/Contents/Home/jre/lib/deploy.jar:/Library/Java/JavaVirtualMachines/jdk1.8.0_74.jdk/Contents/Home/jre/lib/ext/cldrdata.jar:/Library/Java/JavaVirtualMachines/jdk1.8.0_74.jdk/Contents/Home/jre/lib/ext/dnsns.jar:/Library/Java/JavaVirtualMachines/jdk1.8.0_74.jdk/Contents/Home/jre/lib/ext/jaccess.jar:/Library/Java/JavaVirtualMachines/jdk1.8.0_74.jdk/Contents/Home/jre/lib/ext/jfxrt.jar:/Library/Java/JavaVirtualMachines/jdk1.8.0_74.jdk/Contents/Home/jre/lib/ext/localedata.jar:/Library/Java/JavaVirtualMachines/jdk1.8.0_74.jdk/Contents/Home/jre/lib/ext/nashorn.jar:/Library/Java/JavaVirtualMachines/jdk1.8.0_74.jdk/Contents/Home/jre/lib/ext/sunec.jar:/Library/Java/JavaVirtualMachines/jdk1.8.0_74.jdk/Contents/Home/jre/lib/ext/sunjce_provider.jar:/Library/Java/JavaVirtualMachines/jdk1.8.0_74.jdk/Contents/Home/jre/lib/ext/sunpkcs11.jar:/Library/Java/JavaVirtualMachines/jdk1.8.0_74.jdk/Contents/Home/jre/lib/ext/zipfs.jar:/Library/Java/JavaVirtualMachines/jdk1.8.0_74.jdk/Contents/Home/jre/lib/javaws.jar:/Library/Java/JavaVirtualMachines/jdk1.8.0_74.jdk/Contents/Home/jre/lib/jce.jar:/Library/Java/JavaVirtualMachines/jdk1.8.0_74.jdk/Contents/Home/jre/lib/jfr.jar:/Library/Java/JavaVirtualMachines/jdk1.8.0_74.jdk/Contents/Home/jre/lib/jfxswt.jar:/Library/Java/JavaVirtualMachines/jdk1.8.0_74.jdk/Contents/Home/jre/lib/jsse.jar:/Library/Java/JavaVirtualMachines/jdk1.8.0_74.jdk/Contents/Home/jre/lib/management-agent.jar:/Library/Java/JavaVirtualMachines/jdk1.8.0_74.jdk/Contents/Home/jre/lib/plugin.jar:/Library/Java/JavaVirtualMachines/jdk1.8.0_74.jdk/Contents/Home/jre/lib/resources.jar:/Library/Java/JavaVirtualMachines/jdk1.8.0_74.jdk/Contents/Home/jre/lib/rt.jar:/Library/Java/JavaVirtualMachines/jdk1.8.0_74.jdk/Contents/Home/lib/ant-javafx.jar:/Library/Java/JavaVirtualMachines/jdk1.8.0_74.jdk/Contents/Home/lib/dt.jar:/Library/Ja
Launcher Type: SUN_STANDARD

Environment Variables:
JAVA_HOME=/Library/Java/JavaVirtualMachines/jdk1.7.0_79.jdk/Contents/Home
PATH=/Users/liwenke/sorft/gradle-2.12/bin:/Users/liwenke/sorft/apache-maven-3.3.9/bin:/Library/Java/JavaVirtualMachines/jdk1.7.0_79.jdk/Contents/Home/bin:/usr/bin:/bin:/usr/sbin:/sbin:/usr/local/bin
SHELL=/bin/zsh

Signal Handlers:
SIGSEGV: [libjvm.dylib+0x5a6855], sa_mask[0]=11111111011111110111111111111111, sa_flags=SA_ONSTACK|SA_RESTART|SA_SIGINFO
SIGBUS: [libjvm.dylib+0x5a6855], sa_mask[0]=11111111011111110111111111111111, sa_flags=SA_RESTART|SA_SIGINFO
SIGFPE: [libjvm.dylib+0x4804ec], sa_mask[0]=11111111011111110111111111111111, sa_flags=SA_RESTART|SA_SIGINFO
SIGPIPE: [libjvm.dylib+0x4804ec], sa_mask[0]=11111111011111110111111111111111, sa_flags=SA_RESTART|SA_SIGINFO
SIGXFSZ: [libjvm.dylib+0x4804ec], sa_mask[0]=11111111011111110111111111111111, sa_flags=SA_RESTART|SA_SIGINFO
SIGILL: [libjvm.dylib+0x4804ec], sa_mask[0]=11111111011111110111111111111111, sa_flags=SA_RESTART|SA_SIGINFO
SIGUSR1: SIG_DFL, sa_mask[0]=00000000000000000000000000000000, sa_flags=none
SIGUSR2: [libjvm.dylib+0x48000a], sa_mask[0]=00100000000000000000000000000000, sa_flags=SA_RESTART|SA_SIGINFO
SIGHUP: [libjvm.dylib+0x47e5e1], sa_mask[0]=11111111011111110111111111111111, sa_flags=SA_RESTART|SA_SIGINFO
SIGINT: [libjvm.dylib+0x47e5e1], sa_mask[0]=11111111011111110111111111111111, sa_flags=SA_RESTART|SA_SIGINFO
SIGTERM: [libjvm.dylib+0x47e5e1], sa_mask[0]=11111111011111110111111111111111, sa_flags=SA_RESTART|SA_SIGINFO
SIGQUIT: [libjvm.dylib+0x47e5e1], sa_mask[0]=11111111011111110111111111111111, sa_flags=SA_RESTART|SA_SIGINFO


---------------  S Y S T E M  ---------------

OS:Bsduname:Darwin 15.4.0 Darwin Kernel Version 15.4.0: Fri Feb 26 22:08:05 PST 2016; root:xnu-3248.40.184~3/RELEASE_X86_64 x86_64
rlimit: STACK 8192k, CORE 0k, NPROC 709, NOFILE 10240, AS infinity
load average:2.39 2.05 1.79

CPU:total 4 (2 cores per cpu, 2 threads per core) family 6 model 69 stepping 1, cmov, cx8, fxsr, mmx, sse, sse2, sse3, ssse3, sse4.1, sse4.2, popcnt, avx, avx2, aes, clmul, erms, lzcnt, ht, tsc, tscinvbit, bmi1, bmi2

Memory: 4k page, physical 8388608k(508636k free)

/proc/meminfo:


vm_info: Java HotSpot(TM) 64-Bit Server VM (25.74-b02) for bsd-amd64 JRE (1.8.0_74-b02), built on Jan 29 2016 15:32:34 by "java_re" with gcc 4.2.1 (Based on Apple Inc. build 5658) (LLVM build 2336.11.00)

time: Thu Apr 21 14:20:48 2016
elapsed time: 0 seconds (0d 0h 0m 0s)

